{"D:\\courses\\blockchain\\Code\\config.js": {"path":"D:\\courses\\blockchain\\Code\\config.js","statementMap":{"0":{"start":{"line":1,"column":18},"end":{"line":1,"column":22}},"1":{"start":{"line":2,"column":27},"end":{"line":2,"column":28}},"2":{"start":{"line":4,"column":20},"end":{"line":11,"column":1}},"3":{"start":{"line":13,"column":25},"end":{"line":13,"column":29}},"4":{"start":{"line":15,"column":21},"end":{"line":17,"column":1}},"5":{"start":{"line":19,"column":22},"end":{"line":19,"column":24}},"6":{"start":{"line":21,"column":0},"end":{"line":26,"column":2}}},"fnMap":{},"branchMap":{},"s":{"0":5,"1":5,"2":5,"3":5,"4":5,"5":5,"6":5},"f":{},"b":{},"_coverageSchema":"1a1c01bbd47fc00a2c39e90264f33305004495a9","hash":"39b8cb2b3396e5f9334e88f966a02fb4e148b8a2"}
,"D:\\courses\\blockchain\\Code\\blockchain\\block.js": {"path":"D:\\courses\\blockchain\\Code\\blockchain\\block.js","statementMap":{"0":{"start":{"line":1,"column":35},"end":{"line":1,"column":55}},"1":{"start":{"line":2,"column":21},"end":{"line":2,"column":39}},"2":{"start":{"line":3,"column":20},"end":{"line":3,"column":44}},"3":{"start":{"line":7,"column":8},"end":{"line":7,"column":35}},"4":{"start":{"line":8,"column":8},"end":{"line":8,"column":33}},"5":{"start":{"line":9,"column":8},"end":{"line":9,"column":25}},"6":{"start":{"line":10,"column":8},"end":{"line":10,"column":25}},"7":{"start":{"line":11,"column":8},"end":{"line":11,"column":27}},"8":{"start":{"line":12,"column":8},"end":{"line":12,"column":37}},"9":{"start":{"line":16,"column":8},"end":{"line":16,"column":38}},"10":{"start":{"line":21,"column":25},"end":{"line":21,"column":39}},"11":{"start":{"line":22,"column":27},"end":{"line":22,"column":36}},"12":{"start":{"line":23,"column":20},"end":{"line":23,"column":21}},"13":{"start":{"line":25,"column":8},"end":{"line":31,"column":86}},"14":{"start":{"line":26,"column":12},"end":{"line":26,"column":20}},"15":{"start":{"line":27,"column":12},"end":{"line":27,"column":35}},"16":{"start":{"line":28,"column":12},"end":{"line":28,"column":86}},"17":{"start":{"line":29,"column":12},"end":{"line":29,"column":76}},"18":{"start":{"line":33,"column":8},"end":{"line":39,"column":11}},"19":{"start":{"line":44,"column":27},"end":{"line":44,"column":40}},"20":{"start":{"line":45,"column":8},"end":{"line":46,"column":21}},"21":{"start":{"line":46,"column":12},"end":{"line":46,"column":21}},"22":{"start":{"line":47,"column":27},"end":{"line":47,"column":62}},"23":{"start":{"line":48,"column":8},"end":{"line":50,"column":9}},"24":{"start":{"line":49,"column":12},"end":{"line":49,"column":34}},"25":{"start":{"line":52,"column":8},"end":{"line":52,"column":30}},"26":{"start":{"line":56,"column":0},"end":{"line":56,"column":23}}},"fnMap":{"0":{"name":"(anonymous_0)","decl":{"start":{"line":6,"column":4},"end":{"line":6,"column":5}},"loc":{"start":{"line":6,"column":69},"end":{"line":13,"column":5}},"line":6},"1":{"name":"(anonymous_1)","decl":{"start":{"line":15,"column":4},"end":{"line":15,"column":5}},"loc":{"start":{"line":15,"column":19},"end":{"line":17,"column":5}},"line":15},"2":{"name":"(anonymous_2)","decl":{"start":{"line":19,"column":4},"end":{"line":19,"column":5}},"loc":{"start":{"line":19,"column":39},"end":{"line":41,"column":5}},"line":19},"3":{"name":"(anonymous_3)","decl":{"start":{"line":43,"column":4},"end":{"line":43,"column":5}},"loc":{"start":{"line":43,"column":55},"end":{"line":53,"column":5}},"line":43}},"branchMap":{"0":{"loc":{"start":{"line":45,"column":8},"end":{"line":46,"column":21}},"type":"if","locations":[{"start":{"line":45,"column":8},"end":{"line":46,"column":21}},{"start":{"line":45,"column":8},"end":{"line":46,"column":21}}],"line":45},"1":{"loc":{"start":{"line":48,"column":8},"end":{"line":50,"column":9}},"type":"if","locations":[{"start":{"line":48,"column":8},"end":{"line":50,"column":9}},{"start":{"line":48,"column":8},"end":{"line":50,"column":9}}],"line":48}},"s":{"0":4,"1":4,"2":4,"3":88,"4":88,"5":88,"6":88,"7":88,"8":88,"9":52,"10":34,"11":34,"12":34,"13":34,"14":304,"15":304,"16":304,"17":304,"18":34,"19":307,"20":307,"21":1,"22":306,"23":306,"24":49,"25":257,"26":4},"f":{"0":88,"1":52,"2":34,"3":307},"b":{"0":[1,306],"1":[49,257]},"_coverageSchema":"1a1c01bbd47fc00a2c39e90264f33305004495a9","hash":"6da8a35f63552923c19fe57dfa6a65a61424b4fc"}
,"D:\\courses\\blockchain\\Code\\blockchain\\index.js": {"path":"D:\\courses\\blockchain\\Code\\blockchain\\index.js","statementMap":{"0":{"start":{"line":1,"column":14},"end":{"line":1,"column":32}},"1":{"start":{"line":2,"column":20},"end":{"line":2,"column":52}},"2":{"start":{"line":3,"column":15},"end":{"line":3,"column":35}},"3":{"start":{"line":4,"column":23},"end":{"line":4,"column":41}},"4":{"start":{"line":5,"column":8},"end":{"line":5,"column":30}},"5":{"start":{"line":6,"column":40},"end":{"line":6,"column":60}},"6":{"start":{"line":10,"column":8},"end":{"line":10,"column":38}},"7":{"start":{"line":14,"column":26},"end":{"line":17,"column":10}},"8":{"start":{"line":18,"column":8},"end":{"line":18,"column":34}},"9":{"start":{"line":23,"column":8},"end":{"line":65,"column":9}},"10":{"start":{"line":23,"column":20},"end":{"line":23,"column":21}},"11":{"start":{"line":24,"column":26},"end":{"line":24,"column":34}},"12":{"start":{"line":25,"column":35},"end":{"line":25,"column":44}},"13":{"start":{"line":26,"column":41},"end":{"line":26,"column":42}},"14":{"start":{"line":28,"column":12},"end":{"line":64,"column":13}},"15":{"start":{"line":29,"column":16},"end":{"line":63,"column":17}},"16":{"start":{"line":30,"column":20},"end":{"line":30,"column":48}},"17":{"start":{"line":32,"column":20},"end":{"line":35,"column":21}},"18":{"start":{"line":33,"column":24},"end":{"line":33,"column":68}},"19":{"start":{"line":34,"column":24},"end":{"line":34,"column":37}},"20":{"start":{"line":37,"column":20},"end":{"line":40,"column":21}},"21":{"start":{"line":38,"column":24},"end":{"line":38,"column":72}},"22":{"start":{"line":39,"column":24},"end":{"line":39,"column":37}},"23":{"start":{"line":42,"column":20},"end":{"line":45,"column":21}},"24":{"start":{"line":43,"column":24},"end":{"line":43,"column":61}},"25":{"start":{"line":44,"column":24},"end":{"line":44,"column":37}},"26":{"start":{"line":47,"column":40},"end":{"line":50,"column":22}},"27":{"start":{"line":52,"column":20},"end":{"line":55,"column":21}},"28":{"start":{"line":53,"column":24},"end":{"line":53,"column":62}},"29":{"start":{"line":54,"column":24},"end":{"line":54,"column":37}},"30":{"start":{"line":57,"column":20},"end":{"line":62,"column":21}},"31":{"start":{"line":58,"column":24},"end":{"line":58,"column":101}},"32":{"start":{"line":59,"column":24},"end":{"line":59,"column":37}},"33":{"start":{"line":61,"column":24},"end":{"line":61,"column":56}},"34":{"start":{"line":67,"column":8},"end":{"line":67,"column":20}},"35":{"start":{"line":71,"column":8},"end":{"line":71,"column":63}},"36":{"start":{"line":71,"column":50},"end":{"line":71,"column":63}},"37":{"start":{"line":73,"column":8},"end":{"line":83,"column":9}},"38":{"start":{"line":73,"column":22},"end":{"line":73,"column":23}},"39":{"start":{"line":74,"column":35},"end":{"line":74,"column":56}},"40":{"start":{"line":76,"column":12},"end":{"line":77,"column":29}},"41":{"start":{"line":77,"column":16},"end":{"line":77,"column":29}},"42":{"start":{"line":78,"column":76},"end":{"line":78,"column":84}},"43":{"start":{"line":79,"column":12},"end":{"line":80,"column":29}},"44":{"start":{"line":80,"column":16},"end":{"line":80,"column":29}},"45":{"start":{"line":82,"column":12},"end":{"line":82,"column":72}},"46":{"start":{"line":82,"column":59},"end":{"line":82,"column":72}},"47":{"start":{"line":84,"column":8},"end":{"line":84,"column":20}},"48":{"start":{"line":88,"column":8},"end":{"line":102,"column":9}},"49":{"start":{"line":89,"column":12},"end":{"line":99,"column":13}},"50":{"start":{"line":90,"column":16},"end":{"line":93,"column":17}},"51":{"start":{"line":91,"column":20},"end":{"line":91,"column":73}},"52":{"start":{"line":92,"column":20},"end":{"line":92,"column":27}},"53":{"start":{"line":95,"column":16},"end":{"line":95,"column":42}},"54":{"start":{"line":95,"column":30},"end":{"line":95,"column":42}},"55":{"start":{"line":96,"column":16},"end":{"line":96,"column":35}},"56":{"start":{"line":98,"column":16},"end":{"line":98,"column":51}},"57":{"start":{"line":101,"column":12},"end":{"line":101,"column":50}},"58":{"start":{"line":107,"column":0},"end":{"line":107,"column":28}}},"fnMap":{"0":{"name":"(anonymous_0)","decl":{"start":{"line":9,"column":4},"end":{"line":9,"column":5}},"loc":{"start":{"line":9,"column":17},"end":{"line":11,"column":5}},"line":9},"1":{"name":"(anonymous_1)","decl":{"start":{"line":13,"column":4},"end":{"line":13,"column":5}},"loc":{"start":{"line":13,"column":21},"end":{"line":19,"column":5}},"line":13},"2":{"name":"(anonymous_2)","decl":{"start":{"line":21,"column":4},"end":{"line":21,"column":5}},"loc":{"start":{"line":21,"column":36},"end":{"line":68,"column":5}},"line":21},"3":{"name":"(anonymous_3)","decl":{"start":{"line":70,"column":4},"end":{"line":70,"column":5}},"loc":{"start":{"line":70,"column":30},"end":{"line":85,"column":5}},"line":70},"4":{"name":"(anonymous_4)","decl":{"start":{"line":87,"column":4},"end":{"line":87,"column":5}},"loc":{"start":{"line":87,"column":56},"end":{"line":103,"column":5}},"line":87}},"branchMap":{"0":{"loc":{"start":{"line":29,"column":16},"end":{"line":63,"column":17}},"type":"if","locations":[{"start":{"line":29,"column":16},"end":{"line":63,"column":17}},{"start":{"line":29,"column":16},"end":{"line":63,"column":17}}],"line":29},"1":{"loc":{"start":{"line":32,"column":20},"end":{"line":35,"column":21}},"type":"if","locations":[{"start":{"line":32,"column":20},"end":{"line":35,"column":21}},{"start":{"line":32,"column":20},"end":{"line":35,"column":21}}],"line":32},"2":{"loc":{"start":{"line":37,"column":20},"end":{"line":40,"column":21}},"type":"if","locations":[{"start":{"line":37,"column":20},"end":{"line":40,"column":21}},{"start":{"line":37,"column":20},"end":{"line":40,"column":21}}],"line":37},"3":{"loc":{"start":{"line":42,"column":20},"end":{"line":45,"column":21}},"type":"if","locations":[{"start":{"line":42,"column":20},"end":{"line":45,"column":21}},{"start":{"line":42,"column":20},"end":{"line":45,"column":21}}],"line":42},"4":{"loc":{"start":{"line":52,"column":20},"end":{"line":55,"column":21}},"type":"if","locations":[{"start":{"line":52,"column":20},"end":{"line":55,"column":21}},{"start":{"line":52,"column":20},"end":{"line":55,"column":21}}],"line":52},"5":{"loc":{"start":{"line":57,"column":20},"end":{"line":62,"column":21}},"type":"if","locations":[{"start":{"line":57,"column":20},"end":{"line":62,"column":21}},{"start":{"line":57,"column":20},"end":{"line":62,"column":21}}],"line":57},"6":{"loc":{"start":{"line":71,"column":8},"end":{"line":71,"column":63}},"type":"if","locations":[{"start":{"line":71,"column":8},"end":{"line":71,"column":63}},{"start":{"line":71,"column":8},"end":{"line":71,"column":63}}],"line":71},"7":{"loc":{"start":{"line":76,"column":12},"end":{"line":77,"column":29}},"type":"if","locations":[{"start":{"line":76,"column":12},"end":{"line":77,"column":29}},{"start":{"line":76,"column":12},"end":{"line":77,"column":29}}],"line":76},"8":{"loc":{"start":{"line":79,"column":12},"end":{"line":80,"column":29}},"type":"if","locations":[{"start":{"line":79,"column":12},"end":{"line":80,"column":29}},{"start":{"line":79,"column":12},"end":{"line":80,"column":29}}],"line":79},"9":{"loc":{"start":{"line":82,"column":12},"end":{"line":82,"column":72}},"type":"if","locations":[{"start":{"line":82,"column":12},"end":{"line":82,"column":72}},{"start":{"line":82,"column":12},"end":{"line":82,"column":72}}],"line":82},"10":{"loc":{"start":{"line":88,"column":8},"end":{"line":102,"column":9}},"type":"if","locations":[{"start":{"line":88,"column":8},"end":{"line":102,"column":9}},{"start":{"line":88,"column":8},"end":{"line":102,"column":9}}],"line":88},"11":{"loc":{"start":{"line":89,"column":12},"end":{"line":99,"column":13}},"type":"if","locations":[{"start":{"line":89,"column":12},"end":{"line":99,"column":13}},{"start":{"line":89,"column":12},"end":{"line":99,"column":13}}],"line":89},"12":{"loc":{"start":{"line":90,"column":16},"end":{"line":93,"column":17}},"type":"if","locations":[{"start":{"line":90,"column":16},"end":{"line":93,"column":17}},{"start":{"line":90,"column":16},"end":{"line":93,"column":17}}],"line":90},"13":{"loc":{"start":{"line":90,"column":19},"end":{"line":90,"column":81}},"type":"binary-expr","locations":[{"start":{"line":90,"column":19},"end":{"line":90,"column":39}},{"start":{"line":90,"column":43},"end":{"line":90,"column":81}}],"line":90},"14":{"loc":{"start":{"line":95,"column":16},"end":{"line":95,"column":42}},"type":"if","locations":[{"start":{"line":95,"column":16},"end":{"line":95,"column":42}},{"start":{"line":95,"column":16},"end":{"line":95,"column":42}}],"line":95}},"s":{"0":3,"1":3,"2":3,"3":3,"4":3,"5":3,"6":40,"7":33,"8":33,"9":6,"10":6,"11":6,"12":6,"13":6,"14":6,"15":11,"16":4,"17":4,"18":1,"19":1,"20":3,"21":1,"22":1,"23":7,"24":1,"25":1,"26":6,"27":6,"28":1,"29":1,"30":5,"31":1,"32":1,"33":4,"34":1,"35":9,"36":3,"37":6,"38":6,"39":13,"40":13,"41":1,"42":12,"43":12,"44":2,"45":10,"46":0,"47":3,"48":4,"49":4,"50":2,"51":1,"52":1,"53":1,"54":0,"55":1,"56":2,"57":0,"58":3},"f":{"0":40,"1":33,"2":6,"3":9,"4":4},"b":{"0":[4,7],"1":[1,3],"2":[1,2],"3":[1,6],"4":[1,5],"5":[1,4],"6":[3,6],"7":[1,12],"8":[2,10],"9":[0,10],"10":[4,0],"11":[2,2],"12":[1,1],"13":[2,1],"14":[0,1]},"_coverageSchema":"1a1c01bbd47fc00a2c39e90264f33305004495a9","hash":"f362ec9c735b34e00a5bf9a9f38e87a1228fecec"}
,"D:\\courses\\blockchain\\Code\\util\\crypto.js": {"path":"D:\\courses\\blockchain\\Code\\util\\crypto.js","statementMap":{"0":{"start":{"line":1,"column":15},"end":{"line":1,"column":32}},"1":{"start":{"line":2,"column":17},"end":{"line":2,"column":35}},"2":{"start":{"line":4,"column":19},"end":{"line":10,"column":1}},"3":{"start":{"line":5,"column":17},"end":{"line":5,"column":44}},"4":{"start":{"line":7,"column":4},"end":{"line":7,"column":78}},"5":{"start":{"line":7,"column":37},"end":{"line":7,"column":58}},"6":{"start":{"line":9,"column":4},"end":{"line":9,"column":30}},"7":{"start":{"line":12,"column":0},"end":{"line":12,"column":28}}},"fnMap":{"0":{"name":"(anonymous_0)","decl":{"start":{"line":4,"column":19},"end":{"line":4,"column":20}},"loc":{"start":{"line":4,"column":34},"end":{"line":10,"column":1}},"line":4},"1":{"name":"(anonymous_1)","decl":{"start":{"line":7,"column":28},"end":{"line":7,"column":29}},"loc":{"start":{"line":7,"column":37},"end":{"line":7,"column":58}},"line":7}},"branchMap":{},"s":{"0":6,"1":6,"2":6,"3":430,"4":430,"5":1706,"6":430,"7":6},"f":{"0":430,"1":1706},"b":{},"_coverageSchema":"1a1c01bbd47fc00a2c39e90264f33305004495a9","hash":"5f45080b5241c329d9a68fb699b267d643a1ac12"}
,"D:\\courses\\blockchain\\Code\\util\\index.js": {"path":"D:\\courses\\blockchain\\Code\\util\\index.js","statementMap":{"0":{"start":{"line":1,"column":11},"end":{"line":1,"column":33}},"1":{"start":{"line":2,"column":19},"end":{"line":2,"column":38}},"2":{"start":{"line":4,"column":11},"end":{"line":4,"column":30}},"3":{"start":{"line":6,"column":24},"end":{"line":10,"column":1}},"4":{"start":{"line":7,"column":26},"end":{"line":7,"column":60}},"5":{"start":{"line":9,"column":4},"end":{"line":9,"column":61}},"6":{"start":{"line":12,"column":0},"end":{"line":12,"column":53}}},"fnMap":{"0":{"name":"(anonymous_0)","decl":{"start":{"line":6,"column":24},"end":{"line":6,"column":25}},"loc":{"start":{"line":6,"column":58},"end":{"line":10,"column":1}},"line":6}},"branchMap":{},"s":{"0":5,"1":5,"2":5,"3":5,"4":23,"5":23,"6":5},"f":{"0":23},"b":{},"_coverageSchema":"1a1c01bbd47fc00a2c39e90264f33305004495a9","hash":"d62292967400441c6d537fcfc20c0ea32e6069a9"}
,"D:\\courses\\blockchain\\Code\\wallet\\index.js": {"path":"D:\\courses\\blockchain\\Code\\wallet\\index.js","statementMap":{"0":{"start":{"line":1,"column":29},"end":{"line":1,"column":49}},"1":{"start":{"line":2,"column":27},"end":{"line":2,"column":45}},"2":{"start":{"line":3,"column":20},"end":{"line":3,"column":44}},"3":{"start":{"line":7,"column":8},"end":{"line":7,"column":40}},"4":{"start":{"line":9,"column":8},"end":{"line":9,"column":39}},"5":{"start":{"line":11,"column":8},"end":{"line":11,"column":64}},"6":{"start":{"line":15,"column":8},"end":{"line":15,"column":51}},"7":{"start":{"line":19,"column":8},"end":{"line":24,"column":9}},"8":{"start":{"line":20,"column":12},"end":{"line":23,"column":15}},"9":{"start":{"line":25,"column":8},"end":{"line":27,"column":9}},"10":{"start":{"line":26,"column":12},"end":{"line":26,"column":44}},"11":{"start":{"line":28,"column":8},"end":{"line":28,"column":72}},"12":{"start":{"line":32,"column":38},"end":{"line":32,"column":43}},"13":{"start":{"line":33,"column":27},"end":{"line":33,"column":28}},"14":{"start":{"line":35,"column":8},"end":{"line":55,"column":9}},"15":{"start":{"line":35,"column":22},"end":{"line":35,"column":38}},"16":{"start":{"line":38,"column":26},"end":{"line":38,"column":34}},"17":{"start":{"line":40,"column":12},"end":{"line":50,"column":13}},"18":{"start":{"line":41,"column":16},"end":{"line":43,"column":17}},"19":{"start":{"line":42,"column":20},"end":{"line":42,"column":51}},"20":{"start":{"line":45,"column":38},"end":{"line":45,"column":68}},"21":{"start":{"line":47,"column":16},"end":{"line":49,"column":17}},"22":{"start":{"line":48,"column":20},"end":{"line":48,"column":50}},"23":{"start":{"line":52,"column":12},"end":{"line":54,"column":13}},"24":{"start":{"line":53,"column":16},"end":{"line":53,"column":22}},"25":{"start":{"line":56,"column":8},"end":{"line":56,"column":88}},"26":{"start":{"line":60,"column":0},"end":{"line":60,"column":24}}},"fnMap":{"0":{"name":"(anonymous_0)","decl":{"start":{"line":6,"column":4},"end":{"line":6,"column":5}},"loc":{"start":{"line":6,"column":18},"end":{"line":12,"column":5}},"line":6},"1":{"name":"(anonymous_1)","decl":{"start":{"line":14,"column":4},"end":{"line":14,"column":5}},"loc":{"start":{"line":14,"column":15},"end":{"line":16,"column":5}},"line":14},"2":{"name":"(anonymous_2)","decl":{"start":{"line":18,"column":4},"end":{"line":18,"column":5}},"loc":{"start":{"line":18,"column":51},"end":{"line":29,"column":5}},"line":18},"3":{"name":"(anonymous_3)","decl":{"start":{"line":31,"column":4},"end":{"line":31,"column":5}},"loc":{"start":{"line":31,"column":47},"end":{"line":57,"column":5}},"line":31}},"branchMap":{"0":{"loc":{"start":{"line":19,"column":8},"end":{"line":24,"column":9}},"type":"if","locations":[{"start":{"line":19,"column":8},"end":{"line":24,"column":9}},{"start":{"line":19,"column":8},"end":{"line":24,"column":9}}],"line":19},"1":{"loc":{"start":{"line":25,"column":8},"end":{"line":27,"column":9}},"type":"if","locations":[{"start":{"line":25,"column":8},"end":{"line":27,"column":9}},{"start":{"line":25,"column":8},"end":{"line":27,"column":9}}],"line":25},"2":{"loc":{"start":{"line":41,"column":16},"end":{"line":43,"column":17}},"type":"if","locations":[{"start":{"line":41,"column":16},"end":{"line":43,"column":17}},{"start":{"line":41,"column":16},"end":{"line":43,"column":17}}],"line":41},"3":{"loc":{"start":{"line":47,"column":16},"end":{"line":49,"column":17}},"type":"if","locations":[{"start":{"line":47,"column":16},"end":{"line":49,"column":17}},{"start":{"line":47,"column":16},"end":{"line":49,"column":17}}],"line":47},"4":{"loc":{"start":{"line":52,"column":12},"end":{"line":54,"column":13}},"type":"if","locations":[{"start":{"line":52,"column":12},"end":{"line":54,"column":13}},{"start":{"line":52,"column":12},"end":{"line":54,"column":13}}],"line":52},"5":{"loc":{"start":{"line":56,"column":15},"end":{"line":56,"column":87}},"type":"cond-expr","locations":[{"start":{"line":56,"column":41},"end":{"line":56,"column":53}},{"start":{"line":56,"column":56},"end":{"line":56,"column":87}}],"line":56}},"s":{"0":4,"1":4,"2":4,"3":63,"4":63,"5":63,"6":84,"7":19,"8":1,"9":19,"10":1,"11":18,"12":8,"13":8,"14":8,"15":8,"16":1,"17":1,"18":2,"19":0,"20":2,"21":2,"22":2,"23":1,"24":0,"25":8,"26":4},"f":{"0":63,"1":84,"2":19,"3":8},"b":{"0":[1,18],"1":[1,18],"2":[0,2],"3":[2,0],"4":[0,1],"5":[0,8]},"_coverageSchema":"1a1c01bbd47fc00a2c39e90264f33305004495a9","hash":"09a035fd5557b176527510e2eabcb0bb49fa7fca"}
,"D:\\courses\\blockchain\\Code\\wallet\\transaction-pool.js": {"path":"D:\\courses\\blockchain\\Code\\wallet\\transaction-pool.js","statementMap":{"0":{"start":{"line":1,"column":20},"end":{"line":1,"column":44}},"1":{"start":{"line":4,"column":8},"end":{"line":4,"column":33}},"2":{"start":{"line":8,"column":8},"end":{"line":8,"column":33}},"3":{"start":{"line":12,"column":8},"end":{"line":12,"column":58}},"4":{"start":{"line":16,"column":29},"end":{"line":16,"column":63}},"5":{"start":{"line":18,"column":8},"end":{"line":18,"column":92}},"6":{"start":{"line":18,"column":48},"end":{"line":18,"column":90}},"7":{"start":{"line":22,"column":8},"end":{"line":24,"column":10}},"8":{"start":{"line":23,"column":27},"end":{"line":23,"column":68}},"9":{"start":{"line":28,"column":8},"end":{"line":36,"column":9}},"10":{"start":{"line":28,"column":20},"end":{"line":28,"column":21}},"11":{"start":{"line":29,"column":26},"end":{"line":29,"column":34}},"12":{"start":{"line":31,"column":12},"end":{"line":35,"column":13}},"13":{"start":{"line":32,"column":16},"end":{"line":34,"column":17}},"14":{"start":{"line":33,"column":20},"end":{"line":33,"column":63}},"15":{"start":{"line":41,"column":0},"end":{"line":41,"column":33}}},"fnMap":{"0":{"name":"(anonymous_0)","decl":{"start":{"line":3,"column":4},"end":{"line":3,"column":5}},"loc":{"start":{"line":3,"column":18},"end":{"line":5,"column":5}},"line":3},"1":{"name":"(anonymous_1)","decl":{"start":{"line":7,"column":4},"end":{"line":7,"column":5}},"loc":{"start":{"line":7,"column":12},"end":{"line":9,"column":5}},"line":7},"2":{"name":"(anonymous_2)","decl":{"start":{"line":11,"column":4},"end":{"line":11,"column":5}},"loc":{"start":{"line":11,"column":32},"end":{"line":13,"column":5}},"line":11},"3":{"name":"(anonymous_3)","decl":{"start":{"line":15,"column":4},"end":{"line":15,"column":5}},"loc":{"start":{"line":15,"column":43},"end":{"line":19,"column":5}},"line":15},"4":{"name":"(anonymous_4)","decl":{"start":{"line":18,"column":33},"end":{"line":18,"column":34}},"loc":{"start":{"line":18,"column":48},"end":{"line":18,"column":90}},"line":18},"5":{"name":"(anonymous_5)","decl":{"start":{"line":21,"column":4},"end":{"line":21,"column":5}},"loc":{"start":{"line":21,"column":24},"end":{"line":25,"column":5}},"line":21},"6":{"name":"(anonymous_6)","decl":{"start":{"line":23,"column":12},"end":{"line":23,"column":13}},"loc":{"start":{"line":23,"column":27},"end":{"line":23,"column":68}},"line":23},"7":{"name":"(anonymous_7)","decl":{"start":{"line":27,"column":4},"end":{"line":27,"column":5}},"loc":{"start":{"line":27,"column":42},"end":{"line":37,"column":5}},"line":27}},"branchMap":{"0":{"loc":{"start":{"line":32,"column":16},"end":{"line":34,"column":17}},"type":"if","locations":[{"start":{"line":32,"column":16},"end":{"line":34,"column":17}},{"start":{"line":32,"column":16},"end":{"line":34,"column":17}}],"line":32}},"s":{"0":1,"1":7,"2":1,"3":28,"4":1,"5":1,"6":1,"7":2,"8":20,"9":1,"10":1,"11":3,"12":3,"13":3,"14":3,"15":1},"f":{"0":7,"1":1,"2":28,"3":1,"4":1,"5":2,"6":20,"7":1},"b":{"0":[3,0]},"_coverageSchema":"1a1c01bbd47fc00a2c39e90264f33305004495a9","hash":"bd22c307deb5e1ee3073e1e45518df9e4839dea1"}
,"D:\\courses\\blockchain\\Code\\wallet\\transaction.js": {"path":"D:\\courses\\blockchain\\Code\\wallet\\transaction.js","statementMap":{"0":{"start":{"line":1,"column":19},"end":{"line":1,"column":34}},"1":{"start":{"line":2,"column":28},"end":{"line":2,"column":46}},"2":{"start":{"line":3,"column":40},"end":{"line":3,"column":60}},"3":{"start":{"line":7,"column":8},"end":{"line":7,"column":25}},"4":{"start":{"line":8,"column":8},"end":{"line":8,"column":94}},"5":{"start":{"line":9,"column":8},"end":{"line":9,"column":90}},"6":{"start":{"line":13,"column":26},"end":{"line":13,"column":28}},"7":{"start":{"line":14,"column":8},"end":{"line":14,"column":38}},"8":{"start":{"line":15,"column":8},"end":{"line":15,"column":74}},"9":{"start":{"line":17,"column":8},"end":{"line":17,"column":25}},"10":{"start":{"line":21,"column":8},"end":{"line":26,"column":10}},"11":{"start":{"line":30,"column":8},"end":{"line":31,"column":44}},"12":{"start":{"line":31,"column":12},"end":{"line":31,"column":44}},"13":{"start":{"line":33,"column":8},"end":{"line":37,"column":9}},"14":{"start":{"line":34,"column":12},"end":{"line":34,"column":47}},"15":{"start":{"line":36,"column":12},"end":{"line":36,"column":48}},"16":{"start":{"line":39,"column":8},"end":{"line":39,"column":97}},"17":{"start":{"line":41,"column":8},"end":{"line":41,"column":81}},"18":{"start":{"line":45,"column":67},"end":{"line":45,"column":78}},"19":{"start":{"line":47,"column":28},"end":{"line":48,"column":62}},"20":{"start":{"line":48,"column":41},"end":{"line":48,"column":61}},"21":{"start":{"line":50,"column":8},"end":{"line":53,"column":9}},"22":{"start":{"line":51,"column":12},"end":{"line":51,"column":65}},"23":{"start":{"line":52,"column":12},"end":{"line":52,"column":25}},"24":{"start":{"line":55,"column":8},"end":{"line":58,"column":9}},"25":{"start":{"line":56,"column":12},"end":{"line":56,"column":63}},"26":{"start":{"line":57,"column":12},"end":{"line":57,"column":25}},"27":{"start":{"line":60,"column":8},"end":{"line":60,"column":20}},"28":{"start":{"line":64,"column":8},"end":{"line":69,"column":11}},"29":{"start":{"line":74,"column":0},"end":{"line":74,"column":29}}},"fnMap":{"0":{"name":"(anonymous_0)","decl":{"start":{"line":6,"column":4},"end":{"line":6,"column":5}},"loc":{"start":{"line":6,"column":70},"end":{"line":10,"column":5}},"line":6},"1":{"name":"(anonymous_1)","decl":{"start":{"line":12,"column":4},"end":{"line":12,"column":5}},"loc":{"start":{"line":12,"column":56},"end":{"line":18,"column":5}},"line":12},"2":{"name":"(anonymous_2)","decl":{"start":{"line":20,"column":4},"end":{"line":20,"column":5}},"loc":{"start":{"line":20,"column":43},"end":{"line":27,"column":5}},"line":20},"3":{"name":"(anonymous_3)","decl":{"start":{"line":29,"column":4},"end":{"line":29,"column":5}},"loc":{"start":{"line":29,"column":48},"end":{"line":42,"column":5}},"line":29},"4":{"name":"(anonymous_4)","decl":{"start":{"line":44,"column":4},"end":{"line":44,"column":5}},"loc":{"start":{"line":44,"column":43},"end":{"line":61,"column":5}},"line":44},"5":{"name":"(anonymous_5)","decl":{"start":{"line":48,"column":16},"end":{"line":48,"column":17}},"loc":{"start":{"line":48,"column":41},"end":{"line":48,"column":61}},"line":48},"6":{"name":"(anonymous_6)","decl":{"start":{"line":63,"column":4},"end":{"line":63,"column":5}},"loc":{"start":{"line":63,"column":46},"end":{"line":70,"column":5}},"line":63}},"branchMap":{"0":{"loc":{"start":{"line":8,"column":25},"end":{"line":8,"column":93}},"type":"binary-expr","locations":[{"start":{"line":8,"column":25},"end":{"line":8,"column":34}},{"start":{"line":8,"column":38},"end":{"line":8,"column":93}}],"line":8},"1":{"loc":{"start":{"line":9,"column":21},"end":{"line":9,"column":89}},"type":"binary-expr","locations":[{"start":{"line":9,"column":21},"end":{"line":9,"column":26}},{"start":{"line":9,"column":30},"end":{"line":9,"column":89}}],"line":9},"2":{"loc":{"start":{"line":30,"column":8},"end":{"line":31,"column":44}},"type":"if","locations":[{"start":{"line":30,"column":8},"end":{"line":31,"column":44}},{"start":{"line":30,"column":8},"end":{"line":31,"column":44}}],"line":30},"3":{"loc":{"start":{"line":33,"column":8},"end":{"line":37,"column":9}},"type":"if","locations":[{"start":{"line":33,"column":8},"end":{"line":37,"column":9}},{"start":{"line":33,"column":8},"end":{"line":37,"column":9}}],"line":33},"4":{"loc":{"start":{"line":50,"column":8},"end":{"line":53,"column":9}},"type":"if","locations":[{"start":{"line":50,"column":8},"end":{"line":53,"column":9}},{"start":{"line":50,"column":8},"end":{"line":53,"column":9}}],"line":50},"5":{"loc":{"start":{"line":55,"column":8},"end":{"line":58,"column":9}},"type":"if","locations":[{"start":{"line":55,"column":8},"end":{"line":58,"column":9}},{"start":{"line":55,"column":8},"end":{"line":58,"column":9}}],"line":55}},"s":{"0":4,"1":4,"2":4,"3":74,"4":74,"5":74,"6":66,"7":66,"8":66,"9":66,"10":74,"11":9,"12":1,"13":8,"14":6,"15":2,"16":8,"17":8,"18":30,"19":30,"20":30,"21":30,"22":10,"23":10,"24":20,"25":7,"26":7,"27":13,"28":8,"29":4},"f":{"0":74,"1":66,"2":74,"3":9,"4":30,"5":30,"6":8},"b":{"0":[74,66],"1":[74,66],"2":[1,8],"3":[6,2],"4":[10,20],"5":[7,13]},"_coverageSchema":"1a1c01bbd47fc00a2c39e90264f33305004495a9","hash":"f613c3699a398151e2a4a6bace6dc78df3cb071c"}
}
