TN:
SF:config.js
FNF:0
FNH:0
DA:1,5
DA:2,5
DA:4,5
DA:13,5
DA:15,5
DA:19,5
DA:21,5
LF:7
LH:7
BRF:0
BRH:0
end_of_record
TN:
SF:blockchain\block.js
FN:6,(anonymous_0)
FN:15,(anonymous_1)
FN:19,(anonymous_2)
FN:43,(anonymous_3)
FNF:4
FNH:4
FNDA:88,(anonymous_0)
FNDA:52,(anonymous_1)
FNDA:34,(anonymous_2)
FNDA:307,(anonymous_3)
DA:1,4
DA:2,4
DA:3,4
DA:7,88
DA:8,88
DA:9,88
DA:10,88
DA:11,88
DA:12,88
DA:16,52
DA:21,34
DA:22,34
DA:23,34
DA:25,34
DA:26,304
DA:27,304
DA:28,304
DA:29,304
DA:33,34
DA:44,307
DA:45,307
DA:46,1
DA:47,306
DA:48,306
DA:49,49
DA:52,257
DA:56,4
LF:27
LH:27
BRDA:45,0,0,1
BRDA:45,0,1,306
BRDA:48,1,0,49
BRDA:48,1,1,257
BRF:4
BRH:4
end_of_record
TN:
SF:blockchain\index.js
FN:9,(anonymous_0)
FN:13,(anonymous_1)
FN:21,(anonymous_2)
FN:70,(anonymous_3)
FN:87,(anonymous_4)
FNF:5
FNH:5
FNDA:40,(anonymous_0)
FNDA:33,(anonymous_1)
FNDA:6,(anonymous_2)
FNDA:9,(anonymous_3)
FNDA:4,(anonymous_4)
DA:1,3
DA:2,3
DA:3,3
DA:4,3
DA:5,3
DA:6,3
DA:10,40
DA:14,33
DA:18,33
DA:23,6
DA:24,6
DA:25,6
DA:26,6
DA:28,6
DA:29,11
DA:30,4
DA:32,4
DA:33,1
DA:34,1
DA:37,3
DA:38,1
DA:39,1
DA:42,7
DA:43,1
DA:44,1
DA:47,6
DA:52,6
DA:53,1
DA:54,1
DA:57,5
DA:58,1
DA:59,1
DA:61,4
DA:67,1
DA:71,9
DA:73,6
DA:74,13
DA:76,13
DA:77,1
DA:78,12
DA:79,12
DA:80,2
DA:82,10
DA:84,3
DA:88,4
DA:89,4
DA:90,2
DA:91,1
DA:92,1
DA:95,1
DA:96,1
DA:98,2
DA:101,0
DA:107,3
LF:54
LH:53
BRDA:29,0,0,4
BRDA:29,0,1,7
BRDA:32,1,0,1
BRDA:32,1,1,3
BRDA:37,2,0,1
BRDA:37,2,1,2
BRDA:42,3,0,1
BRDA:42,3,1,6
BRDA:52,4,0,1
BRDA:52,4,1,5
BRDA:57,5,0,1
BRDA:57,5,1,4
BRDA:71,6,0,3
BRDA:71,6,1,6
BRDA:76,7,0,1
BRDA:76,7,1,12
BRDA:79,8,0,2
BRDA:79,8,1,10
BRDA:82,9,0,0
BRDA:82,9,1,10
BRDA:88,10,0,4
BRDA:88,10,1,0
BRDA:89,11,0,2
BRDA:89,11,1,2
BRDA:90,12,0,1
BRDA:90,12,1,1
BRDA:90,13,0,2
BRDA:90,13,1,1
BRDA:95,14,0,0
BRDA:95,14,1,1
BRF:30
BRH:27
end_of_record
TN:
SF:util\crypto.js
FN:4,(anonymous_0)
FN:7,(anonymous_1)
FNF:2
FNH:2
FNDA:430,(anonymous_0)
FNDA:1706,(anonymous_1)
DA:1,6
DA:2,6
DA:4,6
DA:5,430
DA:7,1706
DA:9,430
DA:12,6
LF:7
LH:7
BRF:0
BRH:0
end_of_record
TN:
SF:util\index.js
FN:6,(anonymous_0)
FNF:1
FNH:1
FNDA:23,(anonymous_0)
DA:1,5
DA:2,5
DA:4,5
DA:6,5
DA:7,23
DA:9,23
DA:12,5
LF:7
LH:7
BRF:0
BRH:0
end_of_record
TN:
SF:wallet\index.js
FN:6,(anonymous_0)
FN:14,(anonymous_1)
FN:18,(anonymous_2)
FN:31,(anonymous_3)
FNF:4
FNH:4
FNDA:63,(anonymous_0)
FNDA:84,(anonymous_1)
FNDA:19,(anonymous_2)
FNDA:8,(anonymous_3)
DA:1,4
DA:2,4
DA:3,4
DA:7,63
DA:9,63
DA:11,63
DA:15,84
DA:19,19
DA:20,1
DA:25,19
DA:26,1
DA:28,18
DA:32,8
DA:33,8
DA:35,8
DA:38,1
DA:40,1
DA:41,2
DA:42,0
DA:45,2
DA:47,2
DA:48,2
DA:52,1
DA:53,0
DA:56,8
DA:60,4
LF:26
LH:24
BRDA:19,0,0,1
BRDA:19,0,1,18
BRDA:25,1,0,1
BRDA:25,1,1,18
BRDA:41,2,0,0
BRDA:41,2,1,2
BRDA:47,3,0,2
BRDA:47,3,1,0
BRDA:52,4,0,0
BRDA:52,4,1,1
BRDA:56,5,0,0
BRDA:56,5,1,8
BRF:12
BRH:8
end_of_record
TN:
SF:wallet\transaction-pool.js
FN:3,(anonymous_0)
FN:7,(anonymous_1)
FN:11,(anonymous_2)
FN:15,(anonymous_3)
FN:18,(anonymous_4)
FN:21,(anonymous_5)
FN:23,(anonymous_6)
FN:27,(anonymous_7)
FNF:8
FNH:8
FNDA:7,(anonymous_0)
FNDA:1,(anonymous_1)
FNDA:28,(anonymous_2)
FNDA:1,(anonymous_3)
FNDA:1,(anonymous_4)
FNDA:2,(anonymous_5)
FNDA:20,(anonymous_6)
FNDA:1,(anonymous_7)
DA:1,1
DA:4,7
DA:8,1
DA:12,28
DA:16,1
DA:18,1
DA:22,2
DA:23,20
DA:28,1
DA:29,3
DA:31,3
DA:32,3
DA:33,3
DA:41,1
LF:14
LH:14
BRDA:32,0,0,3
BRDA:32,0,1,0
BRF:2
BRH:1
end_of_record
TN:
SF:wallet\transaction.js
FN:6,(anonymous_0)
FN:12,(anonymous_1)
FN:20,(anonymous_2)
FN:29,(anonymous_3)
FN:44,(anonymous_4)
FN:48,(anonymous_5)
FN:63,(anonymous_6)
FNF:7
FNH:7
FNDA:74,(anonymous_0)
FNDA:66,(anonymous_1)
FNDA:74,(anonymous_2)
FNDA:9,(anonymous_3)
FNDA:30,(anonymous_4)
FNDA:30,(anonymous_5)
FNDA:8,(anonymous_6)
DA:1,4
DA:2,4
DA:3,4
DA:7,74
DA:8,74
DA:9,74
DA:13,66
DA:14,66
DA:15,66
DA:17,66
DA:21,74
DA:30,9
DA:31,1
DA:33,8
DA:34,6
DA:36,2
DA:39,8
DA:41,8
DA:45,30
DA:47,30
DA:48,30
DA:50,30
DA:51,10
DA:52,10
DA:55,20
DA:56,7
DA:57,7
DA:60,13
DA:64,8
DA:74,4
LF:30
LH:30
BRDA:8,0,0,74
BRDA:8,0,1,66
BRDA:9,1,0,74
BRDA:9,1,1,66
BRDA:30,2,0,1
BRDA:30,2,1,8
BRDA:33,3,0,6
BRDA:33,3,1,2
BRDA:50,4,0,10
BRDA:50,4,1,20
BRDA:55,5,0,7
BRDA:55,5,1,13
BRF:12
BRH:12
end_of_record
